<?xml version="1.0" encoding="UTF-8"?>
<testsuite name="MainTest" tests="2" skipped="0" failures="0" errors="0" timestamp="2019-08-12T07:29:26" hostname="cjo-internship-7" time="0.001">
  <properties/>
  <testcase name="add" classname="MainTest" time="0.001"/>
  <testcase name="main" classname="MainTest" time="0.0"/>
  <system-out><![CDATA[]]></system-out>
  <system-err><![CDATA[]]></system-err>
</testsuite>
